<?xml version="1.0" encoding="UTF-8"?>
<!-- Generated by org.testng.reporters.JUnitReportReporter -->
<testsuite hostname="DESKTOP-G39F81O" failures="0" tests="4" name="testcases.Login_TC" time="2.980" errors="0" timestamp="2024-05-12T08:59:23 IST" skipped="0">
  <testcase classname="testcases.Login_TC" name="loginTC_1" time="0.912"/>
  <testcase classname="testcases.Login_TC" name="addToCartTC_2" time="0.794"/>
  <testcase classname="testcases.Login_TC" name="checkoutTC_3" time="0.845"/>
  <testcase classname="testcases.Login_TC" name="clickFinishTC_4" time="0.429"/>
</testsuite> <!-- testcases.Login_TC -->
