<?xml version="1.0" encoding="UTF-8"?>
<!-- Generated by org.testng.reporters.JUnitReportReporter -->
<testsuite hostname="DESKTOP-G39F81O" failures="0" tests="4" name="testcases.Logout_TC4" time="2.370" errors="0" timestamp="2024-05-15T14:17:54 IST" skipped="0">
  <testcase classname="testcases.Logout_TC4" name="addToCartTC_2" time="0.424"/>
  <testcase classname="testcases.Logout_TC4" name="checkoutTC_3" time="0.947"/>
  <testcase classname="testcases.Logout_TC4" name="loginTC_1" time="0.600"/>
  <testcase classname="testcases.Logout_TC4" name="clickFinishTC_4" time="0.399"/>
</testsuite> <!-- testcases.Logout_TC4 -->
