<?xml version="1.0" encoding="UTF-8"?>
<!-- Generated by org.testng.reporters.JUnitReportReporter -->
<testsuite hostname="DESKTOP-G39F81O" failures="0" tests="1" name="testcases.Login_TC1" time="0.735" errors="0" timestamp="2024-05-15T14:17:54 IST" skipped="0">
  <testcase classname="testcases.Login_TC1" name="loginTC_1" time="0.735"/>
</testsuite> <!-- testcases.Login_TC1 -->
