<?xml version="1.0" encoding="UTF-8"?>
<!-- Generated by org.testng.reporters.JUnitReportReporter -->
<testsuite hostname="DESKTOP-G39F81O" failures="0" tests="2" name="testcases.AddToCart_TC2" time="1.361" errors="0" timestamp="2024-05-15T14:17:54 IST" skipped="0">
  <testcase classname="testcases.AddToCart_TC2" name="addToCartTC_2" time="0.620"/>
  <testcase classname="testcases.AddToCart_TC2" name="loginTC_1" time="0.741"/>
</testsuite> <!-- testcases.AddToCart_TC2 -->
