<?xml version="1.0" encoding="UTF-8"?>
<!-- Generated by org.testng.reporters.JUnitReportReporter -->
<testsuite hostname="DESKTOP-G39F81O" failures="0" tests="3" name="testcases.CheckOut_TC3" time="1.927" errors="0" timestamp="2024-05-15T14:17:54 IST" skipped="0">
  <testcase classname="testcases.CheckOut_TC3" name="addToCartTC_2" time="0.514"/>
  <testcase classname="testcases.CheckOut_TC3" name="loginTC_1" time="0.623"/>
  <testcase classname="testcases.CheckOut_TC3" name="checkoutTC_3" time="0.790"/>
</testsuite> <!-- testcases.CheckOut_TC3 -->
